2025-07-02 21:13:49.295 [main] INFO  o.s.cloud.context.scope.GenericScope - BeanFactory id=bbdbc3eb-09e8-33e2-9936-597b2be32cf1
2025-07-02 21:13:49.301 [main] INFO  o.s.c.s.PostProcessorRegistrationDelegate$BeanPostProcessorChecker - Bean 'org.tiger.clienttwo.client.UserClient' of type [org.springframework.cloud.openfeign.FeignClientFactoryBean] is not eligible for getting processed by all BeanPostProcessors (for example: not eligible for auto-proxying)
2025-07-02 21:13:49.381 [main] INFO  o.s.b.w.e.tomcat.TomcatWebServer - Tomcat initialized with port(s): 1235 (http)
2025-07-02 21:13:49.383 [main] INFO  o.a.coyote.http11.Http11NioProtocol - Initializing ProtocolHandler ["http-nio-1235"]
2025-07-02 21:13:49.383 [main] INFO  o.a.catalina.core.StandardService - Starting service [Tomcat]
2025-07-02 21:13:49.384 [main] INFO  o.a.catalina.core.StandardEngine - Starting Servlet engine: [Apache Tomcat/9.0.43]
2025-07-02 21:13:49.409 [main] INFO  o.a.c.c.C.[Tomcat].[localhost].[/] - Initializing Spring embedded WebApplicationContext
2025-07-02 21:13:49.409 [main] INFO  o.s.b.w.s.c.ServletWebServerApplicationContext - Root WebApplicationContext: initialization completed in 291 ms
2025-07-02 21:13:49.611 [main] WARN  c.n.c.sources.URLConfigurationSource - No URLs will be polled as dynamic configuration sources.
2025-07-02 21:13:49.612 [main] INFO  c.n.c.sources.URLConfigurationSource - To enable URLs as dynamic configuration sources, define System property archaius.configurationSource.additionalUrls or make config.properties available on classpath.
2025-07-02 21:13:49.613 [main] WARN  c.n.c.sources.URLConfigurationSource - No URLs will be polled as dynamic configuration sources.
2025-07-02 21:13:49.613 [main] INFO  c.n.c.sources.URLConfigurationSource - To enable URLs as dynamic configuration sources, define System property archaius.configurationSource.additionalUrls or make config.properties available on classpath.
2025-07-02 21:13:49.643 [main] INFO  o.s.s.c.ThreadPoolTaskExecutor - Initializing ExecutorService 'applicationTaskExecutor'
2025-07-02 21:13:49.675 [main] INFO  o.s.s.c.ThreadPoolTaskScheduler - Initializing ExecutorService 'Nacos-Watch-Task-Scheduler'
2025-07-02 21:13:49.679 [main] INFO  c.b.m.e.s.MybatisPlusApplicationContextAware - Register ApplicationContext instances org.springframework.boot.web.servlet.context.AnnotationConfigServletWebServerApplicationContext@2e52fb3e
2025-07-02 21:13:49.783 [main] INFO  o.a.coyote.http11.Http11NioProtocol - Starting ProtocolHandler ["http-nio-1235"]
2025-07-02 21:13:49.794 [main] INFO  o.s.b.w.e.tomcat.TomcatWebServer - Tomcat started on port(s): 1235 (http) with context path ''
2025-07-02 21:13:49.821 [main] INFO  c.a.c.n.r.NacosServiceRegistry - nacos registry, DEFAULT_GROUP order-service 172.20.10.4:1235 register finished
2025-07-02 21:13:49.862 [main] INFO  c.n.loadbalancer.BaseLoadBalancer - Client: user-service instantiated a LoadBalancer: DynamicServerListLoadBalancer:{NFLoadBalancer:name=user-service,current list of Servers=[],Load balancer stats=Zone stats: {},Server stats: []}ServerList:null
2025-07-02 21:13:49.864 [main] INFO  c.n.l.DynamicServerListLoadBalancer - Using serverListUpdater PollingServerListUpdater
2025-07-02 21:13:49.866 [main] INFO  c.n.l.DynamicServerListLoadBalancer - DynamicServerListLoadBalancer for client user-service initialized: DynamicServerListLoadBalancer:{NFLoadBalancer:name=user-service,current list of Servers=[],Load balancer stats=Zone stats: {},Server stats: []}ServerList:com.alibaba.cloud.nacos.ribbon.NacosServerList@533e2f4
2025-07-02 21:14:12.797 [Thread-17] INFO  c.n.l.PollingServerListUpdater - Shutting down the Executor Pool for PollingServerListUpdater
2025-07-02 21:14:12.797 [Thread-5] WARN  c.a.n.c.http.HttpClientBeanHolder - [HttpClientBeanHolder] Start destroying common HttpClient
2025-07-02 21:14:12.797 [Thread-11] WARN  c.a.nacos.common.notify.NotifyCenter - [NotifyCenter] Start destroying Publisher
2025-07-02 21:14:12.798 [Thread-11] WARN  c.a.nacos.common.notify.NotifyCenter - [NotifyCenter] Destruction of the end
2025-07-02 21:14:12.798 [Thread-5] WARN  c.a.n.c.http.HttpClientBeanHolder - [HttpClientBeanHolder] Destruction of the end
2025-07-02 21:14:12.815 [SpringContextShutdownHook] INFO  o.s.s.c.ThreadPoolTaskScheduler - Shutting down ExecutorService 'Nacos-Watch-Task-Scheduler'
2025-07-02 21:14:12.816 [SpringContextShutdownHook] INFO  c.a.c.n.r.NacosServiceRegistry - De-registering from Nacos Server now...
2025-07-02 21:14:12.817 [SpringContextShutdownHook] INFO  c.a.c.n.r.NacosServiceRegistry - De-registration finished.
2025-07-02 21:14:20.869 [SpringContextShutdownHook] WARN  o.s.b.f.s.DisposableBeanAdapter - Destroy method 'close' on bean with name 'nacosServiceRegistry' threw an exception: java.lang.NullPointerException
2025-07-02 21:14:20.869 [SpringContextShutdownHook] INFO  o.s.s.c.ThreadPoolTaskExecutor - Shutting down ExecutorService 'applicationTaskExecutor'
2025-07-02 21:18:15.415 [main] INFO  o.s.cloud.context.scope.GenericScope - BeanFactory id=bbdbc3eb-09e8-33e2-9936-597b2be32cf1
2025-07-02 21:18:15.420 [main] INFO  o.s.c.s.PostProcessorRegistrationDelegate$BeanPostProcessorChecker - Bean 'org.tiger.clienttwo.client.UserClient' of type [org.springframework.cloud.openfeign.FeignClientFactoryBean] is not eligible for getting processed by all BeanPostProcessors (for example: not eligible for auto-proxying)
2025-07-02 21:18:15.493 [main] INFO  o.s.b.w.e.tomcat.TomcatWebServer - Tomcat initialized with port(s): 1235 (http)
2025-07-02 21:18:15.495 [main] INFO  o.a.coyote.http11.Http11NioProtocol - Initializing ProtocolHandler ["http-nio-1235"]
2025-07-02 21:18:15.495 [main] INFO  o.a.catalina.core.StandardService - Starting service [Tomcat]
2025-07-02 21:18:15.495 [main] INFO  o.a.catalina.core.StandardEngine - Starting Servlet engine: [Apache Tomcat/9.0.43]
2025-07-02 21:18:15.521 [main] INFO  o.a.c.c.C.[Tomcat].[localhost].[/] - Initializing Spring embedded WebApplicationContext
2025-07-02 21:18:15.521 [main] INFO  o.s.b.w.s.c.ServletWebServerApplicationContext - Root WebApplicationContext: initialization completed in 271 ms
2025-07-02 21:18:15.698 [main] WARN  c.n.c.sources.URLConfigurationSource - No URLs will be polled as dynamic configuration sources.
2025-07-02 21:18:15.698 [main] INFO  c.n.c.sources.URLConfigurationSource - To enable URLs as dynamic configuration sources, define System property archaius.configurationSource.additionalUrls or make config.properties available on classpath.
2025-07-02 21:18:15.699 [main] WARN  c.n.c.sources.URLConfigurationSource - No URLs will be polled as dynamic configuration sources.
2025-07-02 21:18:15.699 [main] INFO  c.n.c.sources.URLConfigurationSource - To enable URLs as dynamic configuration sources, define System property archaius.configurationSource.additionalUrls or make config.properties available on classpath.
2025-07-02 21:18:15.734 [main] INFO  o.s.s.c.ThreadPoolTaskExecutor - Initializing ExecutorService 'applicationTaskExecutor'
2025-07-02 21:18:15.770 [main] INFO  o.s.s.c.ThreadPoolTaskScheduler - Initializing ExecutorService 'Nacos-Watch-Task-Scheduler'
2025-07-02 21:18:15.775 [main] INFO  c.b.m.e.s.MybatisPlusApplicationContextAware - Register ApplicationContext instances org.springframework.boot.web.servlet.context.AnnotationConfigServletWebServerApplicationContext@2e52fb3e
2025-07-02 21:18:15.876 [main] INFO  o.a.coyote.http11.Http11NioProtocol - Starting ProtocolHandler ["http-nio-1235"]
2025-07-02 21:18:15.886 [main] INFO  o.s.b.w.e.tomcat.TomcatWebServer - Tomcat started on port(s): 1235 (http) with context path ''
2025-07-02 21:18:15.892 [main] INFO  c.a.c.n.r.NacosServiceRegistry - nacos registry, DEFAULT_GROUP order-service 172.20.10.4:1235 register finished
2025-07-02 21:18:15.940 [main] INFO  c.n.loadbalancer.BaseLoadBalancer - Client: user-service instantiated a LoadBalancer: DynamicServerListLoadBalancer:{NFLoadBalancer:name=user-service,current list of Servers=[],Load balancer stats=Zone stats: {},Server stats: []}ServerList:null
2025-07-02 21:18:15.942 [main] INFO  c.n.l.DynamicServerListLoadBalancer - Using serverListUpdater PollingServerListUpdater
2025-07-02 21:18:15.961 [main] INFO  c.n.l.DynamicServerListLoadBalancer - DynamicServerListLoadBalancer for client user-service initialized: DynamicServerListLoadBalancer:{NFLoadBalancer:name=user-service,current list of Servers=[172.20.10.4:1236],Load balancer stats=Zone stats: {unknown=[Zone:unknown;	Instance count:1;	Active connections count: 0;	Circuit breaker tripped count: 0;	Active connections per server: 0.0;]
},Server stats: [[Server:172.20.10.4:1236;	Zone:UNKNOWN;	Total Requests:0;	Successive connection failure:0;	Total blackout seconds:0;	Last connection made:Thu Jan 01 08:00:00 CST 1970;	First connection made: Thu Jan 01 08:00:00 CST 1970;	Active Connections:0;	total failure count in last (1000) msecs:0;	average resp time:0.0;	90 percentile resp time:0.0;	95 percentile resp time:0.0;	min resp time:0.0;	max resp time:0.0;	stddev resp time:0.0]
]}ServerList:com.alibaba.cloud.nacos.ribbon.NacosServerList@71316cd7
2025-07-02 21:18:19.256 [http-nio-1235-exec-2] INFO  o.a.c.c.C.[Tomcat].[localhost].[/] - Initializing Spring DispatcherServlet 'dispatcherServlet'
2025-07-02 21:18:19.256 [http-nio-1235-exec-2] INFO  o.s.web.servlet.DispatcherServlet - Initializing Servlet 'dispatcherServlet'
2025-07-02 21:18:19.259 [http-nio-1235-exec-2] INFO  o.s.web.servlet.DispatcherServlet - Completed initialization in 3 ms
2025-07-02 21:18:19.275 [http-nio-1235-exec-2] INFO  com.zaxxer.hikari.HikariDataSource - HikariPool-1 - Starting...
2025-07-02 21:18:19.373 [http-nio-1235-exec-2] INFO  com.zaxxer.hikari.HikariDataSource - HikariPool-1 - Start completed.
2025-07-02 21:28:28.672 [Thread-5] WARN  c.a.n.c.http.HttpClientBeanHolder - [HttpClientBeanHolder] Start destroying common HttpClient
2025-07-02 21:28:28.672 [Thread-11] WARN  c.a.nacos.common.notify.NotifyCenter - [NotifyCenter] Start destroying Publisher
2025-07-02 21:28:28.672 [Thread-17] INFO  c.n.l.PollingServerListUpdater - Shutting down the Executor Pool for PollingServerListUpdater
2025-07-02 21:28:28.673 [Thread-11] WARN  c.a.nacos.common.notify.NotifyCenter - [NotifyCenter] Destruction of the end
2025-07-02 21:28:28.674 [Thread-5] WARN  c.a.n.c.http.HttpClientBeanHolder - [HttpClientBeanHolder] Destruction of the end
2025-07-02 21:28:28.691 [SpringContextShutdownHook] INFO  o.s.s.c.ThreadPoolTaskScheduler - Shutting down ExecutorService 'Nacos-Watch-Task-Scheduler'
2025-07-02 21:28:28.692 [SpringContextShutdownHook] INFO  c.a.c.n.r.NacosServiceRegistry - De-registering from Nacos Server now...
2025-07-02 21:28:28.701 [SpringContextShutdownHook] INFO  c.a.c.n.r.NacosServiceRegistry - De-registration finished.
2025-07-02 21:28:37.735 [SpringContextShutdownHook] WARN  o.s.b.f.s.DisposableBeanAdapter - Destroy method 'close' on bean with name 'nacosServiceRegistry' threw an exception: java.lang.NullPointerException
2025-07-02 21:28:37.735 [SpringContextShutdownHook] INFO  o.s.s.c.ThreadPoolTaskExecutor - Shutting down ExecutorService 'applicationTaskExecutor'
2025-07-02 21:28:37.744 [SpringContextShutdownHook] INFO  com.zaxxer.hikari.HikariDataSource - HikariPool-1 - Shutdown initiated...
2025-07-02 21:28:37.750 [SpringContextShutdownHook] INFO  com.zaxxer.hikari.HikariDataSource - HikariPool-1 - Shutdown completed.
2025-07-02 21:28:39.224 [main] INFO  o.s.cloud.context.scope.GenericScope - BeanFactory id=bbdbc3eb-09e8-33e2-9936-597b2be32cf1
2025-07-02 21:28:39.229 [main] INFO  o.s.c.s.PostProcessorRegistrationDelegate$BeanPostProcessorChecker - Bean 'org.tiger.clienttwo.client.UserClient' of type [org.springframework.cloud.openfeign.FeignClientFactoryBean] is not eligible for getting processed by all BeanPostProcessors (for example: not eligible for auto-proxying)
2025-07-02 21:28:39.308 [main] INFO  o.s.b.w.e.tomcat.TomcatWebServer - Tomcat initialized with port(s): 1235 (http)
2025-07-02 21:28:39.311 [main] INFO  o.a.coyote.http11.Http11NioProtocol - Initializing ProtocolHandler ["http-nio-1235"]
2025-07-02 21:28:39.311 [main] INFO  o.a.catalina.core.StandardService - Starting service [Tomcat]
2025-07-02 21:28:39.311 [main] INFO  o.a.catalina.core.StandardEngine - Starting Servlet engine: [Apache Tomcat/9.0.43]
2025-07-02 21:28:39.337 [main] INFO  o.a.c.c.C.[Tomcat].[localhost].[/] - Initializing Spring embedded WebApplicationContext
2025-07-02 21:28:39.337 [main] INFO  o.s.b.w.s.c.ServletWebServerApplicationContext - Root WebApplicationContext: initialization completed in 291 ms
2025-07-02 21:28:39.553 [main] WARN  c.n.c.sources.URLConfigurationSource - No URLs will be polled as dynamic configuration sources.
2025-07-02 21:28:39.553 [main] INFO  c.n.c.sources.URLConfigurationSource - To enable URLs as dynamic configuration sources, define System property archaius.configurationSource.additionalUrls or make config.properties available on classpath.
2025-07-02 21:28:39.554 [main] WARN  c.n.c.sources.URLConfigurationSource - No URLs will be polled as dynamic configuration sources.
2025-07-02 21:28:39.554 [main] INFO  c.n.c.sources.URLConfigurationSource - To enable URLs as dynamic configuration sources, define System property archaius.configurationSource.additionalUrls or make config.properties available on classpath.
2025-07-02 21:28:39.590 [main] INFO  o.s.s.c.ThreadPoolTaskExecutor - Initializing ExecutorService 'applicationTaskExecutor'
2025-07-02 21:28:39.626 [main] INFO  o.s.s.c.ThreadPoolTaskScheduler - Initializing ExecutorService 'Nacos-Watch-Task-Scheduler'
2025-07-02 21:28:39.631 [main] INFO  c.b.m.e.s.MybatisPlusApplicationContextAware - Register ApplicationContext instances org.springframework.boot.web.servlet.context.AnnotationConfigServletWebServerApplicationContext@2b97cc1f
2025-07-02 21:28:39.725 [main] INFO  o.a.coyote.http11.Http11NioProtocol - Starting ProtocolHandler ["http-nio-1235"]
2025-07-02 21:28:39.737 [main] INFO  o.s.b.w.e.tomcat.TomcatWebServer - Tomcat started on port(s): 1235 (http) with context path ''
2025-07-02 21:28:39.742 [main] INFO  c.a.c.n.r.NacosServiceRegistry - nacos registry, DEFAULT_GROUP order-service 172.20.10.4:1235 register finished
2025-07-02 21:28:39.789 [main] INFO  c.n.loadbalancer.BaseLoadBalancer - Client: user-service instantiated a LoadBalancer: DynamicServerListLoadBalancer:{NFLoadBalancer:name=user-service,current list of Servers=[],Load balancer stats=Zone stats: {},Server stats: []}ServerList:null
2025-07-02 21:28:39.791 [main] INFO  c.n.l.DynamicServerListLoadBalancer - Using serverListUpdater PollingServerListUpdater
2025-07-02 21:28:39.805 [main] INFO  c.n.l.DynamicServerListLoadBalancer - DynamicServerListLoadBalancer for client user-service initialized: DynamicServerListLoadBalancer:{NFLoadBalancer:name=user-service,current list of Servers=[172.20.10.4:1236, 172.20.10.4:6666],Load balancer stats=Zone stats: {unknown=[Zone:unknown;	Instance count:2;	Active connections count: 0;	Circuit breaker tripped count: 0;	Active connections per server: 0.0;]
},Server stats: [[Server:172.20.10.4:1236;	Zone:UNKNOWN;	Total Requests:0;	Successive connection failure:0;	Total blackout seconds:0;	Last connection made:Thu Jan 01 08:00:00 CST 1970;	First connection made: Thu Jan 01 08:00:00 CST 1970;	Active Connections:0;	total failure count in last (1000) msecs:0;	average resp time:0.0;	90 percentile resp time:0.0;	95 percentile resp time:0.0;	min resp time:0.0;	max resp time:0.0;	stddev resp time:0.0]
, [Server:172.20.10.4:6666;	Zone:UNKNOWN;	Total Requests:0;	Successive connection failure:0;	Total blackout seconds:0;	Last connection made:Thu Jan 01 08:00:00 CST 1970;	First connection made: Thu Jan 01 08:00:00 CST 1970;	Active Connections:0;	total failure count in last (1000) msecs:0;	average resp time:0.0;	90 percentile resp time:0.0;	95 percentile resp time:0.0;	min resp time:0.0;	max resp time:0.0;	stddev resp time:0.0]
]}ServerList:com.alibaba.cloud.nacos.ribbon.NacosServerList@acd3460
2025-07-02 21:29:06.434 [Thread-11] WARN  c.a.nacos.common.notify.NotifyCenter - [NotifyCenter] Start destroying Publisher
2025-07-02 21:29:06.434 [Thread-5] WARN  c.a.n.c.http.HttpClientBeanHolder - [HttpClientBeanHolder] Start destroying common HttpClient
2025-07-02 21:29:06.434 [Thread-17] INFO  c.n.l.PollingServerListUpdater - Shutting down the Executor Pool for PollingServerListUpdater
2025-07-02 21:29:06.435 [Thread-11] WARN  c.a.nacos.common.notify.NotifyCenter - [NotifyCenter] Destruction of the end
2025-07-02 21:29:06.435 [Thread-5] WARN  c.a.n.c.http.HttpClientBeanHolder - [HttpClientBeanHolder] Destruction of the end
2025-07-02 21:29:06.453 [SpringContextShutdownHook] INFO  o.s.s.c.ThreadPoolTaskScheduler - Shutting down ExecutorService 'Nacos-Watch-Task-Scheduler'
2025-07-02 21:29:06.454 [SpringContextShutdownHook] INFO  c.a.c.n.r.NacosServiceRegistry - De-registering from Nacos Server now...
2025-07-02 21:29:06.456 [SpringContextShutdownHook] INFO  c.a.c.n.r.NacosServiceRegistry - De-registration finished.
2025-07-02 21:29:10.023 [main] INFO  o.s.cloud.context.scope.GenericScope - BeanFactory id=bbdbc3eb-09e8-33e2-9936-597b2be32cf1
2025-07-02 21:29:10.028 [main] INFO  o.s.c.s.PostProcessorRegistrationDelegate$BeanPostProcessorChecker - Bean 'org.tiger.clienttwo.client.UserClient' of type [org.springframework.cloud.openfeign.FeignClientFactoryBean] is not eligible for getting processed by all BeanPostProcessors (for example: not eligible for auto-proxying)
2025-07-02 21:29:10.111 [main] INFO  o.s.b.w.e.tomcat.TomcatWebServer - Tomcat initialized with port(s): 1235 (http)
2025-07-02 21:29:10.114 [main] INFO  o.a.coyote.http11.Http11NioProtocol - Initializing ProtocolHandler ["http-nio-1235"]
2025-07-02 21:29:10.114 [main] INFO  o.a.catalina.core.StandardService - Starting service [Tomcat]
2025-07-02 21:29:10.114 [main] INFO  o.a.catalina.core.StandardEngine - Starting Servlet engine: [Apache Tomcat/9.0.43]
2025-07-02 21:29:10.147 [main] INFO  o.a.c.c.C.[Tomcat].[localhost].[/] - Initializing Spring embedded WebApplicationContext
2025-07-02 21:29:10.147 [main] INFO  o.s.b.w.s.c.ServletWebServerApplicationContext - Root WebApplicationContext: initialization completed in 310 ms
2025-07-02 21:29:10.363 [main] WARN  c.n.c.sources.URLConfigurationSource - No URLs will be polled as dynamic configuration sources.
2025-07-02 21:29:10.363 [main] INFO  c.n.c.sources.URLConfigurationSource - To enable URLs as dynamic configuration sources, define System property archaius.configurationSource.additionalUrls or make config.properties available on classpath.
2025-07-02 21:29:10.364 [main] WARN  c.n.c.sources.URLConfigurationSource - No URLs will be polled as dynamic configuration sources.
2025-07-02 21:29:10.364 [main] INFO  c.n.c.sources.URLConfigurationSource - To enable URLs as dynamic configuration sources, define System property archaius.configurationSource.additionalUrls or make config.properties available on classpath.
2025-07-02 21:29:10.398 [main] INFO  o.s.s.c.ThreadPoolTaskExecutor - Initializing ExecutorService 'applicationTaskExecutor'
2025-07-02 21:29:10.434 [main] INFO  o.s.s.c.ThreadPoolTaskScheduler - Initializing ExecutorService 'Nacos-Watch-Task-Scheduler'
2025-07-02 21:29:10.440 [main] INFO  c.b.m.e.s.MybatisPlusApplicationContextAware - Register ApplicationContext instances org.springframework.boot.web.servlet.context.AnnotationConfigServletWebServerApplicationContext@2b97cc1f
2025-07-02 21:29:10.534 [main] INFO  o.a.coyote.http11.Http11NioProtocol - Starting ProtocolHandler ["http-nio-1235"]
2025-07-02 21:29:10.546 [main] INFO  o.s.b.w.e.tomcat.TomcatWebServer - Tomcat started on port(s): 1235 (http) with context path ''
2025-07-02 21:29:10.554 [main] INFO  c.a.c.n.r.NacosServiceRegistry - nacos registry, DEFAULT_GROUP order-service 172.20.10.4:1235 register finished
2025-07-02 21:29:10.604 [main] INFO  c.n.loadbalancer.BaseLoadBalancer - Client: user-service instantiated a LoadBalancer: DynamicServerListLoadBalancer:{NFLoadBalancer:name=user-service,current list of Servers=[],Load balancer stats=Zone stats: {},Server stats: []}ServerList:null
2025-07-02 21:29:10.607 [main] INFO  c.n.l.DynamicServerListLoadBalancer - Using serverListUpdater PollingServerListUpdater
2025-07-02 21:29:10.620 [main] INFO  c.n.l.DynamicServerListLoadBalancer - DynamicServerListLoadBalancer for client user-service initialized: DynamicServerListLoadBalancer:{NFLoadBalancer:name=user-service,current list of Servers=[172.20.10.4:1236, 172.20.10.4:6666],Load balancer stats=Zone stats: {unknown=[Zone:unknown;	Instance count:2;	Active connections count: 0;	Circuit breaker tripped count: 0;	Active connections per server: 0.0;]
},Server stats: [[Server:172.20.10.4:1236;	Zone:UNKNOWN;	Total Requests:0;	Successive connection failure:0;	Total blackout seconds:0;	Last connection made:Thu Jan 01 08:00:00 CST 1970;	First connection made: Thu Jan 01 08:00:00 CST 1970;	Active Connections:0;	total failure count in last (1000) msecs:0;	average resp time:0.0;	90 percentile resp time:0.0;	95 percentile resp time:0.0;	min resp time:0.0;	max resp time:0.0;	stddev resp time:0.0]
, [Server:172.20.10.4:6666;	Zone:UNKNOWN;	Total Requests:0;	Successive connection failure:0;	Total blackout seconds:0;	Last connection made:Thu Jan 01 08:00:00 CST 1970;	First connection made: Thu Jan 01 08:00:00 CST 1970;	Active Connections:0;	total failure count in last (1000) msecs:0;	average resp time:0.0;	90 percentile resp time:0.0;	95 percentile resp time:0.0;	min resp time:0.0;	max resp time:0.0;	stddev resp time:0.0]
]}ServerList:com.alibaba.cloud.nacos.ribbon.NacosServerList@6e668322
2025-07-02 21:29:14.684 [http-nio-1235-exec-2] INFO  o.a.c.c.C.[Tomcat].[localhost].[/] - Initializing Spring DispatcherServlet 'dispatcherServlet'
2025-07-02 21:29:14.684 [http-nio-1235-exec-2] INFO  o.s.web.servlet.DispatcherServlet - Initializing Servlet 'dispatcherServlet'
2025-07-02 21:29:14.687 [http-nio-1235-exec-2] INFO  o.s.web.servlet.DispatcherServlet - Completed initialization in 2 ms
2025-07-02 21:29:14.702 [http-nio-1235-exec-2] INFO  com.zaxxer.hikari.HikariDataSource - HikariPool-1 - Starting...
2025-07-02 21:29:14.766 [http-nio-1235-exec-2] INFO  com.zaxxer.hikari.HikariDataSource - HikariPool-1 - Start completed.
2025-07-02 21:43:12.048 [Thread-11] WARN  c.a.nacos.common.notify.NotifyCenter - [NotifyCenter] Start destroying Publisher
2025-07-02 21:43:12.049 [Thread-11] WARN  c.a.nacos.common.notify.NotifyCenter - [NotifyCenter] Destruction of the end
2025-07-02 21:43:12.049 [Thread-5] WARN  c.a.n.c.http.HttpClientBeanHolder - [HttpClientBeanHolder] Start destroying common HttpClient
2025-07-02 21:43:12.050 [Thread-17] INFO  c.n.l.PollingServerListUpdater - Shutting down the Executor Pool for PollingServerListUpdater
2025-07-02 21:43:12.050 [Thread-5] WARN  c.a.n.c.http.HttpClientBeanHolder - [HttpClientBeanHolder] Destruction of the end
2025-07-02 21:43:13.300 [SpringContextShutdownHook] INFO  o.s.s.c.ThreadPoolTaskScheduler - Shutting down ExecutorService 'Nacos-Watch-Task-Scheduler'
2025-07-02 21:43:13.303 [SpringContextShutdownHook] INFO  c.a.c.n.r.NacosServiceRegistry - De-registering from Nacos Server now...
2025-07-02 21:43:13.305 [SpringContextShutdownHook] INFO  c.a.c.n.r.NacosServiceRegistry - De-registration finished.
2025-07-02 21:43:20.681 [SpringContextShutdownHook] WARN  o.s.b.f.s.DisposableBeanAdapter - Destroy method 'close' on bean with name 'nacosServiceRegistry' threw an exception: java.lang.NullPointerException
2025-07-02 21:43:20.682 [SpringContextShutdownHook] INFO  o.s.s.c.ThreadPoolTaskExecutor - Shutting down ExecutorService 'applicationTaskExecutor'
2025-07-02 21:43:20.691 [SpringContextShutdownHook] INFO  com.zaxxer.hikari.HikariDataSource - HikariPool-1 - Shutdown initiated...
2025-07-02 21:43:20.697 [SpringContextShutdownHook] INFO  com.zaxxer.hikari.HikariDataSource - HikariPool-1 - Shutdown completed.
2025-07-02 21:47:23.316 [main] INFO  o.s.cloud.context.scope.GenericScope - BeanFactory id=bbdbc3eb-09e8-33e2-9936-597b2be32cf1
2025-07-02 21:47:23.323 [main] INFO  o.s.c.s.PostProcessorRegistrationDelegate$BeanPostProcessorChecker - Bean 'org.tiger.clienttwo.client.UserClient' of type [org.springframework.cloud.openfeign.FeignClientFactoryBean] is not eligible for getting processed by all BeanPostProcessors (for example: not eligible for auto-proxying)
2025-07-02 21:47:23.403 [main] INFO  o.s.b.w.e.tomcat.TomcatWebServer - Tomcat initialized with port(s): 1235 (http)
2025-07-02 21:47:23.405 [main] INFO  o.a.coyote.http11.Http11NioProtocol - Initializing ProtocolHandler ["http-nio-1235"]
2025-07-02 21:47:23.405 [main] INFO  o.a.catalina.core.StandardService - Starting service [Tomcat]
2025-07-02 21:47:23.405 [main] INFO  o.a.catalina.core.StandardEngine - Starting Servlet engine: [Apache Tomcat/9.0.43]
2025-07-02 21:47:23.433 [main] INFO  o.a.c.c.C.[Tomcat].[localhost].[/] - Initializing Spring embedded WebApplicationContext
2025-07-02 21:47:23.433 [main] INFO  o.s.b.w.s.c.ServletWebServerApplicationContext - Root WebApplicationContext: initialization completed in 310 ms
2025-07-02 21:47:23.639 [main] WARN  c.n.c.sources.URLConfigurationSource - No URLs will be polled as dynamic configuration sources.
2025-07-02 21:47:23.639 [main] INFO  c.n.c.sources.URLConfigurationSource - To enable URLs as dynamic configuration sources, define System property archaius.configurationSource.additionalUrls or make config.properties available on classpath.
2025-07-02 21:47:23.640 [main] WARN  c.n.c.sources.URLConfigurationSource - No URLs will be polled as dynamic configuration sources.
2025-07-02 21:47:23.641 [main] INFO  c.n.c.sources.URLConfigurationSource - To enable URLs as dynamic configuration sources, define System property archaius.configurationSource.additionalUrls or make config.properties available on classpath.
2025-07-02 21:47:23.667 [main] INFO  o.s.s.c.ThreadPoolTaskExecutor - Initializing ExecutorService 'applicationTaskExecutor'
2025-07-02 21:47:23.700 [main] INFO  o.s.s.c.ThreadPoolTaskScheduler - Initializing ExecutorService 'Nacos-Watch-Task-Scheduler'
2025-07-02 21:47:23.704 [main] INFO  c.b.m.e.s.MybatisPlusApplicationContextAware - Register ApplicationContext instances org.springframework.boot.web.servlet.context.AnnotationConfigServletWebServerApplicationContext@2e52fb3e
2025-07-02 21:47:23.809 [main] INFO  o.a.coyote.http11.Http11NioProtocol - Starting ProtocolHandler ["http-nio-1235"]
2025-07-02 21:47:23.820 [main] INFO  o.s.b.w.e.tomcat.TomcatWebServer - Tomcat started on port(s): 1235 (http) with context path ''
2025-07-02 21:47:23.838 [main] INFO  c.a.c.n.r.NacosServiceRegistry - nacos registry, DEFAULT_GROUP order-service 172.20.10.4:1235 register finished
2025-07-02 21:47:23.884 [main] INFO  c.n.loadbalancer.BaseLoadBalancer - Client: user-service instantiated a LoadBalancer: DynamicServerListLoadBalancer:{NFLoadBalancer:name=user-service,current list of Servers=[],Load balancer stats=Zone stats: {},Server stats: []}ServerList:null
2025-07-02 21:47:23.886 [main] INFO  c.n.l.DynamicServerListLoadBalancer - Using serverListUpdater PollingServerListUpdater
2025-07-02 21:47:23.889 [main] INFO  c.n.l.DynamicServerListLoadBalancer - DynamicServerListLoadBalancer for client user-service initialized: DynamicServerListLoadBalancer:{NFLoadBalancer:name=user-service,current list of Servers=[],Load balancer stats=Zone stats: {},Server stats: []}ServerList:com.alibaba.cloud.nacos.ribbon.NacosServerList@559e3f67
2025-07-02 21:47:51.614 [http-nio-1235-exec-1] INFO  o.a.c.c.C.[Tomcat].[localhost].[/] - Initializing Spring DispatcherServlet 'dispatcherServlet'
2025-07-02 21:47:51.614 [http-nio-1235-exec-1] INFO  o.s.web.servlet.DispatcherServlet - Initializing Servlet 'dispatcherServlet'
2025-07-02 21:47:51.617 [http-nio-1235-exec-1] INFO  o.s.web.servlet.DispatcherServlet - Completed initialization in 3 ms
2025-07-02 21:47:51.632 [http-nio-1235-exec-1] INFO  com.zaxxer.hikari.HikariDataSource - HikariPool-1 - Starting...
2025-07-02 21:47:51.696 [http-nio-1235-exec-1] INFO  com.zaxxer.hikari.HikariDataSource - HikariPool-1 - Start completed.
2025-07-02 21:50:00.046 [Thread-11] WARN  c.a.nacos.common.notify.NotifyCenter - [NotifyCenter] Start destroying Publisher
2025-07-02 21:50:00.046 [Thread-5] WARN  c.a.n.c.http.HttpClientBeanHolder - [HttpClientBeanHolder] Start destroying common HttpClient
2025-07-02 21:50:00.046 [Thread-17] INFO  c.n.l.PollingServerListUpdater - Shutting down the Executor Pool for PollingServerListUpdater
2025-07-02 21:50:00.047 [Thread-11] WARN  c.a.nacos.common.notify.NotifyCenter - [NotifyCenter] Destruction of the end
2025-07-02 21:50:00.047 [Thread-5] WARN  c.a.n.c.http.HttpClientBeanHolder - [HttpClientBeanHolder] Destruction of the end
2025-07-02 21:50:00.062 [SpringContextShutdownHook] INFO  o.s.s.c.ThreadPoolTaskScheduler - Shutting down ExecutorService 'Nacos-Watch-Task-Scheduler'
2025-07-02 21:50:00.062 [SpringContextShutdownHook] INFO  c.a.c.n.r.NacosServiceRegistry - De-registering from Nacos Server now...
2025-07-02 21:50:00.067 [SpringContextShutdownHook] INFO  c.a.c.n.r.NacosServiceRegistry - De-registration finished.
2025-07-02 21:50:09.111 [SpringContextShutdownHook] WARN  o.s.b.f.s.DisposableBeanAdapter - Destroy method 'close' on bean with name 'nacosServiceRegistry' threw an exception: java.lang.NullPointerException
2025-07-02 21:50:09.111 [SpringContextShutdownHook] INFO  o.s.s.c.ThreadPoolTaskExecutor - Shutting down ExecutorService 'applicationTaskExecutor'
2025-07-02 21:50:09.121 [SpringContextShutdownHook] INFO  com.zaxxer.hikari.HikariDataSource - HikariPool-1 - Shutdown initiated...
2025-07-02 21:50:09.125 [SpringContextShutdownHook] INFO  com.zaxxer.hikari.HikariDataSource - HikariPool-1 - Shutdown completed.
2025-07-02 21:50:10.727 [main] INFO  o.s.cloud.context.scope.GenericScope - BeanFactory id=bbdbc3eb-09e8-33e2-9936-597b2be32cf1
2025-07-02 21:50:10.732 [main] INFO  o.s.c.s.PostProcessorRegistrationDelegate$BeanPostProcessorChecker - Bean 'org.tiger.clienttwo.client.UserClient' of type [org.springframework.cloud.openfeign.FeignClientFactoryBean] is not eligible for getting processed by all BeanPostProcessors (for example: not eligible for auto-proxying)
2025-07-02 21:50:10.809 [main] INFO  o.s.b.w.e.tomcat.TomcatWebServer - Tomcat initialized with port(s): 1235 (http)
2025-07-02 21:50:10.812 [main] INFO  o.a.coyote.http11.Http11NioProtocol - Initializing ProtocolHandler ["http-nio-1235"]
2025-07-02 21:50:10.812 [main] INFO  o.a.catalina.core.StandardService - Starting service [Tomcat]
2025-07-02 21:50:10.812 [main] INFO  o.a.catalina.core.StandardEngine - Starting Servlet engine: [Apache Tomcat/9.0.43]
2025-07-02 21:50:10.837 [main] INFO  o.a.c.c.C.[Tomcat].[localhost].[/] - Initializing Spring embedded WebApplicationContext
2025-07-02 21:50:10.837 [main] INFO  o.s.b.w.s.c.ServletWebServerApplicationContext - Root WebApplicationContext: initialization completed in 286 ms
2025-07-02 21:50:11.052 [main] WARN  c.n.c.sources.URLConfigurationSource - No URLs will be polled as dynamic configuration sources.
2025-07-02 21:50:11.052 [main] INFO  c.n.c.sources.URLConfigurationSource - To enable URLs as dynamic configuration sources, define System property archaius.configurationSource.additionalUrls or make config.properties available on classpath.
2025-07-02 21:50:11.054 [main] WARN  c.n.c.sources.URLConfigurationSource - No URLs will be polled as dynamic configuration sources.
2025-07-02 21:50:11.054 [main] INFO  c.n.c.sources.URLConfigurationSource - To enable URLs as dynamic configuration sources, define System property archaius.configurationSource.additionalUrls or make config.properties available on classpath.
2025-07-02 21:50:11.089 [main] INFO  o.s.s.c.ThreadPoolTaskExecutor - Initializing ExecutorService 'applicationTaskExecutor'
2025-07-02 21:50:11.122 [main] INFO  o.s.s.c.ThreadPoolTaskScheduler - Initializing ExecutorService 'Nacos-Watch-Task-Scheduler'
2025-07-02 21:50:11.127 [main] INFO  c.b.m.e.s.MybatisPlusApplicationContextAware - Register ApplicationContext instances org.springframework.boot.web.servlet.context.AnnotationConfigServletWebServerApplicationContext@2b97cc1f
2025-07-02 21:50:11.224 [main] INFO  o.a.coyote.http11.Http11NioProtocol - Starting ProtocolHandler ["http-nio-1235"]
2025-07-02 21:50:11.235 [main] INFO  o.s.b.w.e.tomcat.TomcatWebServer - Tomcat started on port(s): 1235 (http) with context path ''
2025-07-02 21:50:11.241 [main] INFO  c.a.c.n.r.NacosServiceRegistry - nacos registry, DEFAULT_GROUP order-service 172.20.10.4:1235 register finished
2025-07-02 21:50:11.287 [main] INFO  c.n.loadbalancer.BaseLoadBalancer - Client: user-service instantiated a LoadBalancer: DynamicServerListLoadBalancer:{NFLoadBalancer:name=user-service,current list of Servers=[],Load balancer stats=Zone stats: {},Server stats: []}ServerList:null
2025-07-02 21:50:11.289 [main] INFO  c.n.l.DynamicServerListLoadBalancer - Using serverListUpdater PollingServerListUpdater
2025-07-02 21:50:11.303 [main] INFO  c.n.l.DynamicServerListLoadBalancer - DynamicServerListLoadBalancer for client user-service initialized: DynamicServerListLoadBalancer:{NFLoadBalancer:name=user-service,current list of Servers=[172.20.10.4:1236],Load balancer stats=Zone stats: {unknown=[Zone:unknown;	Instance count:1;	Active connections count: 0;	Circuit breaker tripped count: 0;	Active connections per server: 0.0;]
},Server stats: [[Server:172.20.10.4:1236;	Zone:UNKNOWN;	Total Requests:0;	Successive connection failure:0;	Total blackout seconds:0;	Last connection made:Thu Jan 01 08:00:00 CST 1970;	First connection made: Thu Jan 01 08:00:00 CST 1970;	Active Connections:0;	total failure count in last (1000) msecs:0;	average resp time:0.0;	90 percentile resp time:0.0;	95 percentile resp time:0.0;	min resp time:0.0;	max resp time:0.0;	stddev resp time:0.0]
]}ServerList:com.alibaba.cloud.nacos.ribbon.NacosServerList@21c99abf
2025-07-02 21:50:30.994 [Thread-5] WARN  c.a.n.c.http.HttpClientBeanHolder - [HttpClientBeanHolder] Start destroying common HttpClient
2025-07-02 21:50:30.999 [Thread-11] WARN  c.a.nacos.common.notify.NotifyCenter - [NotifyCenter] Start destroying Publisher
2025-07-02 21:50:30.994 [Thread-17] INFO  c.n.l.PollingServerListUpdater - Shutting down the Executor Pool for PollingServerListUpdater
2025-07-02 21:50:31.000 [Thread-11] WARN  c.a.nacos.common.notify.NotifyCenter - [NotifyCenter] Destruction of the end
2025-07-02 21:50:31.000 [Thread-5] WARN  c.a.n.c.http.HttpClientBeanHolder - [HttpClientBeanHolder] Destruction of the end
2025-07-02 21:50:31.017 [SpringContextShutdownHook] INFO  o.s.s.c.ThreadPoolTaskScheduler - Shutting down ExecutorService 'Nacos-Watch-Task-Scheduler'
2025-07-02 21:50:31.017 [SpringContextShutdownHook] INFO  c.a.c.n.r.NacosServiceRegistry - De-registering from Nacos Server now...
2025-07-02 21:50:31.020 [SpringContextShutdownHook] INFO  c.a.c.n.r.NacosServiceRegistry - De-registration finished.
2025-07-02 21:50:34.410 [main] INFO  o.s.cloud.context.scope.GenericScope - BeanFactory id=bbdbc3eb-09e8-33e2-9936-597b2be32cf1
2025-07-02 21:50:34.415 [main] INFO  o.s.c.s.PostProcessorRegistrationDelegate$BeanPostProcessorChecker - Bean 'org.tiger.clienttwo.client.UserClient' of type [org.springframework.cloud.openfeign.FeignClientFactoryBean] is not eligible for getting processed by all BeanPostProcessors (for example: not eligible for auto-proxying)
2025-07-02 21:50:34.495 [main] INFO  o.s.b.w.e.tomcat.TomcatWebServer - Tomcat initialized with port(s): 1235 (http)
2025-07-02 21:50:34.498 [main] INFO  o.a.coyote.http11.Http11NioProtocol - Initializing ProtocolHandler ["http-nio-1235"]
2025-07-02 21:50:34.498 [main] INFO  o.a.catalina.core.StandardService - Starting service [Tomcat]
2025-07-02 21:50:34.498 [main] INFO  o.a.catalina.core.StandardEngine - Starting Servlet engine: [Apache Tomcat/9.0.43]
2025-07-02 21:50:34.525 [main] INFO  o.a.c.c.C.[Tomcat].[localhost].[/] - Initializing Spring embedded WebApplicationContext
2025-07-02 21:50:34.525 [main] INFO  o.s.b.w.s.c.ServletWebServerApplicationContext - Root WebApplicationContext: initialization completed in 292 ms
2025-07-02 21:50:34.735 [main] WARN  c.n.c.sources.URLConfigurationSource - No URLs will be polled as dynamic configuration sources.
2025-07-02 21:50:34.735 [main] INFO  c.n.c.sources.URLConfigurationSource - To enable URLs as dynamic configuration sources, define System property archaius.configurationSource.additionalUrls or make config.properties available on classpath.
2025-07-02 21:50:34.736 [main] WARN  c.n.c.sources.URLConfigurationSource - No URLs will be polled as dynamic configuration sources.
2025-07-02 21:50:34.737 [main] INFO  c.n.c.sources.URLConfigurationSource - To enable URLs as dynamic configuration sources, define System property archaius.configurationSource.additionalUrls or make config.properties available on classpath.
2025-07-02 21:50:34.773 [main] INFO  o.s.s.c.ThreadPoolTaskExecutor - Initializing ExecutorService 'applicationTaskExecutor'
2025-07-02 21:50:34.810 [main] INFO  o.s.s.c.ThreadPoolTaskScheduler - Initializing ExecutorService 'Nacos-Watch-Task-Scheduler'
2025-07-02 21:50:34.815 [main] INFO  c.b.m.e.s.MybatisPlusApplicationContextAware - Register ApplicationContext instances org.springframework.boot.web.servlet.context.AnnotationConfigServletWebServerApplicationContext@2b97cc1f
2025-07-02 21:50:34.909 [main] INFO  o.a.coyote.http11.Http11NioProtocol - Starting ProtocolHandler ["http-nio-1235"]
2025-07-02 21:50:34.922 [main] INFO  o.s.b.w.e.tomcat.TomcatWebServer - Tomcat started on port(s): 1235 (http) with context path ''
2025-07-02 21:50:34.927 [main] INFO  c.a.c.n.r.NacosServiceRegistry - nacos registry, DEFAULT_GROUP order-service 172.20.10.4:1235 register finished
2025-07-02 21:50:34.974 [main] INFO  c.n.loadbalancer.BaseLoadBalancer - Client: user-service instantiated a LoadBalancer: DynamicServerListLoadBalancer:{NFLoadBalancer:name=user-service,current list of Servers=[],Load balancer stats=Zone stats: {},Server stats: []}ServerList:null
2025-07-02 21:50:34.976 [main] INFO  c.n.l.DynamicServerListLoadBalancer - Using serverListUpdater PollingServerListUpdater
2025-07-02 21:50:34.990 [main] INFO  c.n.l.DynamicServerListLoadBalancer - DynamicServerListLoadBalancer for client user-service initialized: DynamicServerListLoadBalancer:{NFLoadBalancer:name=user-service,current list of Servers=[172.20.10.4:1236],Load balancer stats=Zone stats: {unknown=[Zone:unknown;	Instance count:1;	Active connections count: 0;	Circuit breaker tripped count: 0;	Active connections per server: 0.0;]
},Server stats: [[Server:172.20.10.4:1236;	Zone:UNKNOWN;	Total Requests:0;	Successive connection failure:0;	Total blackout seconds:0;	Last connection made:Thu Jan 01 08:00:00 CST 1970;	First connection made: Thu Jan 01 08:00:00 CST 1970;	Active Connections:0;	total failure count in last (1000) msecs:0;	average resp time:0.0;	90 percentile resp time:0.0;	95 percentile resp time:0.0;	min resp time:0.0;	max resp time:0.0;	stddev resp time:0.0]
]}ServerList:com.alibaba.cloud.nacos.ribbon.NacosServerList@cb318ac
2025-07-02 21:50:39.952 [http-nio-1235-exec-2] INFO  o.a.c.c.C.[Tomcat].[localhost].[/] - Initializing Spring DispatcherServlet 'dispatcherServlet'
2025-07-02 21:50:39.952 [http-nio-1235-exec-2] INFO  o.s.web.servlet.DispatcherServlet - Initializing Servlet 'dispatcherServlet'
2025-07-02 21:50:39.955 [http-nio-1235-exec-2] INFO  o.s.web.servlet.DispatcherServlet - Completed initialization in 3 ms
2025-07-02 21:50:39.971 [http-nio-1235-exec-2] INFO  com.zaxxer.hikari.HikariDataSource - HikariPool-1 - Starting...
2025-07-02 21:50:40.028 [http-nio-1235-exec-2] INFO  com.zaxxer.hikari.HikariDataSource - HikariPool-1 - Start completed.
2025-07-02 21:51:54.178 [HikariPool-1 housekeeper] WARN  com.zaxxer.hikari.pool.HikariPool - HikariPool-1 - Thread starvation or clock leap detected (housekeeper delta=1m14s45ms).
2025-07-02 21:51:54.242 [Thread-5] WARN  c.a.n.c.http.HttpClientBeanHolder - [HttpClientBeanHolder] Start destroying common HttpClient
2025-07-02 21:51:54.259 [Thread-17] INFO  c.n.l.PollingServerListUpdater - Shutting down the Executor Pool for PollingServerListUpdater
2025-07-02 21:51:54.242 [Thread-11] WARN  c.a.nacos.common.notify.NotifyCenter - [NotifyCenter] Start destroying Publisher
2025-07-02 21:51:54.260 [Thread-11] WARN  c.a.nacos.common.notify.NotifyCenter - [NotifyCenter] Destruction of the end
2025-07-02 21:51:54.260 [Thread-5] WARN  c.a.n.c.http.HttpClientBeanHolder - [HttpClientBeanHolder] Destruction of the end
2025-07-02 21:51:54.277 [SpringContextShutdownHook] INFO  o.s.s.c.ThreadPoolTaskScheduler - Shutting down ExecutorService 'Nacos-Watch-Task-Scheduler'
2025-07-02 21:51:54.278 [SpringContextShutdownHook] INFO  c.a.c.n.r.NacosServiceRegistry - De-registering from Nacos Server now...
2025-07-02 21:51:54.281 [SpringContextShutdownHook] INFO  c.a.c.n.r.NacosServiceRegistry - De-registration finished.
2025-07-02 21:52:03.321 [SpringContextShutdownHook] WARN  o.s.b.f.s.DisposableBeanAdapter - Destroy method 'close' on bean with name 'nacosServiceRegistry' threw an exception: java.lang.NullPointerException
2025-07-02 21:52:03.321 [SpringContextShutdownHook] INFO  o.s.s.c.ThreadPoolTaskExecutor - Shutting down ExecutorService 'applicationTaskExecutor'
2025-07-02 21:52:03.330 [SpringContextShutdownHook] INFO  com.zaxxer.hikari.HikariDataSource - HikariPool-1 - Shutdown initiated...
2025-07-02 21:52:03.337 [SpringContextShutdownHook] INFO  com.zaxxer.hikari.HikariDataSource - HikariPool-1 - Shutdown completed.
2025-07-02 21:52:05.118 [main] INFO  o.s.cloud.context.scope.GenericScope - BeanFactory id=bbdbc3eb-09e8-33e2-9936-597b2be32cf1
2025-07-02 21:52:05.123 [main] INFO  o.s.c.s.PostProcessorRegistrationDelegate$BeanPostProcessorChecker - Bean 'org.tiger.clienttwo.client.UserClient' of type [org.springframework.cloud.openfeign.FeignClientFactoryBean] is not eligible for getting processed by all BeanPostProcessors (for example: not eligible for auto-proxying)
2025-07-02 21:52:05.203 [main] INFO  o.s.b.w.e.tomcat.TomcatWebServer - Tomcat initialized with port(s): 1235 (http)
2025-07-02 21:52:05.205 [main] INFO  o.a.coyote.http11.Http11NioProtocol - Initializing ProtocolHandler ["http-nio-1235"]
2025-07-02 21:52:05.205 [main] INFO  o.a.catalina.core.StandardService - Starting service [Tomcat]
2025-07-02 21:52:05.206 [main] INFO  o.a.catalina.core.StandardEngine - Starting Servlet engine: [Apache Tomcat/9.0.43]
2025-07-02 21:52:05.234 [main] INFO  o.a.c.c.C.[Tomcat].[localhost].[/] - Initializing Spring embedded WebApplicationContext
2025-07-02 21:52:05.234 [main] INFO  o.s.b.w.s.c.ServletWebServerApplicationContext - Root WebApplicationContext: initialization completed in 290 ms
2025-07-02 21:52:05.455 [main] WARN  c.n.c.sources.URLConfigurationSource - No URLs will be polled as dynamic configuration sources.
2025-07-02 21:52:05.455 [main] INFO  c.n.c.sources.URLConfigurationSource - To enable URLs as dynamic configuration sources, define System property archaius.configurationSource.additionalUrls or make config.properties available on classpath.
2025-07-02 21:52:05.457 [main] WARN  c.n.c.sources.URLConfigurationSource - No URLs will be polled as dynamic configuration sources.
2025-07-02 21:52:05.457 [main] INFO  c.n.c.sources.URLConfigurationSource - To enable URLs as dynamic configuration sources, define System property archaius.configurationSource.additionalUrls or make config.properties available on classpath.
2025-07-02 21:52:05.496 [main] INFO  o.s.s.c.ThreadPoolTaskExecutor - Initializing ExecutorService 'applicationTaskExecutor'
2025-07-02 21:52:05.532 [main] INFO  o.s.s.c.ThreadPoolTaskScheduler - Initializing ExecutorService 'Nacos-Watch-Task-Scheduler'
2025-07-02 21:52:05.537 [main] INFO  c.b.m.e.s.MybatisPlusApplicationContextAware - Register ApplicationContext instances org.springframework.boot.web.servlet.context.AnnotationConfigServletWebServerApplicationContext@60723d6a
2025-07-02 21:52:05.631 [main] INFO  o.a.coyote.http11.Http11NioProtocol - Starting ProtocolHandler ["http-nio-1235"]
2025-07-02 21:52:05.643 [main] INFO  o.s.b.w.e.tomcat.TomcatWebServer - Tomcat started on port(s): 1235 (http) with context path ''
2025-07-02 21:52:05.648 [main] INFO  c.a.c.n.r.NacosServiceRegistry - nacos registry, DEFAULT_GROUP order-service 172.20.10.4:1235 register finished
2025-07-02 21:52:05.696 [main] INFO  c.n.loadbalancer.BaseLoadBalancer - Client: user-service instantiated a LoadBalancer: DynamicServerListLoadBalancer:{NFLoadBalancer:name=user-service,current list of Servers=[],Load balancer stats=Zone stats: {},Server stats: []}ServerList:null
2025-07-02 21:52:05.698 [main] INFO  c.n.l.DynamicServerListLoadBalancer - Using serverListUpdater PollingServerListUpdater
2025-07-02 21:52:05.711 [main] INFO  c.n.l.DynamicServerListLoadBalancer - DynamicServerListLoadBalancer for client user-service initialized: DynamicServerListLoadBalancer:{NFLoadBalancer:name=user-service,current list of Servers=[172.20.10.4:1236],Load balancer stats=Zone stats: {unknown=[Zone:unknown;	Instance count:1;	Active connections count: 0;	Circuit breaker tripped count: 0;	Active connections per server: 0.0;]
},Server stats: [[Server:172.20.10.4:1236;	Zone:UNKNOWN;	Total Requests:0;	Successive connection failure:0;	Total blackout seconds:0;	Last connection made:Thu Jan 01 08:00:00 CST 1970;	First connection made: Thu Jan 01 08:00:00 CST 1970;	Active Connections:0;	total failure count in last (1000) msecs:0;	average resp time:0.0;	90 percentile resp time:0.0;	95 percentile resp time:0.0;	min resp time:0.0;	max resp time:0.0;	stddev resp time:0.0]
]}ServerList:com.alibaba.cloud.nacos.ribbon.NacosServerList@cb318ac
2025-07-02 21:52:09.511 [http-nio-1235-exec-1] INFO  o.a.c.c.C.[Tomcat].[localhost].[/] - Initializing Spring DispatcherServlet 'dispatcherServlet'
2025-07-02 21:52:09.512 [http-nio-1235-exec-1] INFO  o.s.web.servlet.DispatcherServlet - Initializing Servlet 'dispatcherServlet'
2025-07-02 21:52:09.514 [http-nio-1235-exec-1] INFO  o.s.web.servlet.DispatcherServlet - Completed initialization in 2 ms
2025-07-02 21:52:09.528 [http-nio-1235-exec-1] INFO  com.zaxxer.hikari.HikariDataSource - HikariPool-1 - Starting...
2025-07-02 21:52:09.588 [http-nio-1235-exec-1] INFO  com.zaxxer.hikari.HikariDataSource - HikariPool-1 - Start completed.
2025-07-02 21:56:44.744 [HikariPool-1 housekeeper] WARN  com.zaxxer.hikari.pool.HikariPool - HikariPool-1 - Thread starvation or clock leap detected (housekeeper delta=4m30s540ms).
2025-07-02 21:56:44.791 [Thread-11] WARN  c.a.nacos.common.notify.NotifyCenter - [NotifyCenter] Start destroying Publisher
2025-07-02 21:56:44.791 [Thread-5] WARN  c.a.n.c.http.HttpClientBeanHolder - [HttpClientBeanHolder] Start destroying common HttpClient
2025-07-02 21:56:44.791 [Thread-17] INFO  c.n.l.PollingServerListUpdater - Shutting down the Executor Pool for PollingServerListUpdater
2025-07-02 21:56:44.791 [Thread-11] WARN  c.a.nacos.common.notify.NotifyCenter - [NotifyCenter] Destruction of the end
2025-07-02 21:56:44.791 [Thread-5] WARN  c.a.n.c.http.HttpClientBeanHolder - [HttpClientBeanHolder] Destruction of the end
2025-07-02 21:56:44.812 [SpringContextShutdownHook] INFO  o.s.s.c.ThreadPoolTaskScheduler - Shutting down ExecutorService 'Nacos-Watch-Task-Scheduler'
2025-07-02 21:56:44.814 [SpringContextShutdownHook] INFO  c.a.c.n.r.NacosServiceRegistry - De-registering from Nacos Server now...
2025-07-02 21:56:44.816 [SpringContextShutdownHook] INFO  c.a.c.n.r.NacosServiceRegistry - De-registration finished.
2025-07-02 21:56:53.854 [SpringContextShutdownHook] WARN  o.s.b.f.s.DisposableBeanAdapter - Destroy method 'close' on bean with name 'nacosServiceRegistry' threw an exception: java.lang.NullPointerException
2025-07-02 21:56:53.854 [SpringContextShutdownHook] INFO  o.s.s.c.ThreadPoolTaskExecutor - Shutting down ExecutorService 'applicationTaskExecutor'
2025-07-02 21:56:53.863 [SpringContextShutdownHook] INFO  com.zaxxer.hikari.HikariDataSource - HikariPool-1 - Shutdown initiated...
2025-07-02 21:56:53.870 [SpringContextShutdownHook] INFO  com.zaxxer.hikari.HikariDataSource - HikariPool-1 - Shutdown completed.
2025-07-02 21:56:55.808 [main] INFO  o.s.cloud.context.scope.GenericScope - BeanFactory id=bbdbc3eb-09e8-33e2-9936-597b2be32cf1
2025-07-02 21:56:55.813 [main] INFO  o.s.c.s.PostProcessorRegistrationDelegate$BeanPostProcessorChecker - Bean 'org.tiger.clienttwo.client.UserClient' of type [org.springframework.cloud.openfeign.FeignClientFactoryBean] is not eligible for getting processed by all BeanPostProcessors (for example: not eligible for auto-proxying)
2025-07-02 21:56:55.894 [main] INFO  o.s.b.w.e.tomcat.TomcatWebServer - Tomcat initialized with port(s): 1235 (http)
2025-07-02 21:56:55.897 [main] INFO  o.a.coyote.http11.Http11NioProtocol - Initializing ProtocolHandler ["http-nio-1235"]
2025-07-02 21:56:55.897 [main] INFO  o.a.catalina.core.StandardService - Starting service [Tomcat]
2025-07-02 21:56:55.897 [main] INFO  o.a.catalina.core.StandardEngine - Starting Servlet engine: [Apache Tomcat/9.0.43]
2025-07-02 21:56:55.923 [main] INFO  o.a.c.c.C.[Tomcat].[localhost].[/] - Initializing Spring embedded WebApplicationContext
2025-07-02 21:56:55.923 [main] INFO  o.s.b.w.s.c.ServletWebServerApplicationContext - Root WebApplicationContext: initialization completed in 295 ms
2025-07-02 21:56:56.139 [main] WARN  c.n.c.sources.URLConfigurationSource - No URLs will be polled as dynamic configuration sources.
2025-07-02 21:56:56.139 [main] INFO  c.n.c.sources.URLConfigurationSource - To enable URLs as dynamic configuration sources, define System property archaius.configurationSource.additionalUrls or make config.properties available on classpath.
2025-07-02 21:56:56.141 [main] WARN  c.n.c.sources.URLConfigurationSource - No URLs will be polled as dynamic configuration sources.
2025-07-02 21:56:56.141 [main] INFO  c.n.c.sources.URLConfigurationSource - To enable URLs as dynamic configuration sources, define System property archaius.configurationSource.additionalUrls or make config.properties available on classpath.
2025-07-02 21:56:56.178 [main] INFO  o.s.s.c.ThreadPoolTaskExecutor - Initializing ExecutorService 'applicationTaskExecutor'
2025-07-02 21:56:56.212 [main] INFO  o.s.s.c.ThreadPoolTaskScheduler - Initializing ExecutorService 'Nacos-Watch-Task-Scheduler'
2025-07-02 21:56:56.217 [main] INFO  c.b.m.e.s.MybatisPlusApplicationContextAware - Register ApplicationContext instances org.springframework.boot.web.servlet.context.AnnotationConfigServletWebServerApplicationContext@2b97cc1f
2025-07-02 21:56:56.319 [main] INFO  o.a.coyote.http11.Http11NioProtocol - Starting ProtocolHandler ["http-nio-1235"]
2025-07-02 21:56:56.331 [main] INFO  o.s.b.w.e.tomcat.TomcatWebServer - Tomcat started on port(s): 1235 (http) with context path ''
2025-07-02 21:56:56.336 [main] INFO  c.a.c.n.r.NacosServiceRegistry - nacos registry, DEFAULT_GROUP order-service 172.20.10.4:1235 register finished
2025-07-02 21:56:56.389 [main] INFO  c.n.loadbalancer.BaseLoadBalancer - Client: user-service instantiated a LoadBalancer: DynamicServerListLoadBalancer:{NFLoadBalancer:name=user-service,current list of Servers=[],Load balancer stats=Zone stats: {},Server stats: []}ServerList:null
2025-07-02 21:56:56.391 [main] INFO  c.n.l.DynamicServerListLoadBalancer - Using serverListUpdater PollingServerListUpdater
2025-07-02 21:56:56.405 [main] INFO  c.n.l.DynamicServerListLoadBalancer - DynamicServerListLoadBalancer for client user-service initialized: DynamicServerListLoadBalancer:{NFLoadBalancer:name=user-service,current list of Servers=[172.20.10.4:1236],Load balancer stats=Zone stats: {unknown=[Zone:unknown;	Instance count:1;	Active connections count: 0;	Circuit breaker tripped count: 0;	Active connections per server: 0.0;]
},Server stats: [[Server:172.20.10.4:1236;	Zone:UNKNOWN;	Total Requests:0;	Successive connection failure:0;	Total blackout seconds:0;	Last connection made:Thu Jan 01 08:00:00 CST 1970;	First connection made: Thu Jan 01 08:00:00 CST 1970;	Active Connections:0;	total failure count in last (1000) msecs:0;	average resp time:0.0;	90 percentile resp time:0.0;	95 percentile resp time:0.0;	min resp time:0.0;	max resp time:0.0;	stddev resp time:0.0]
]}ServerList:com.alibaba.cloud.nacos.ribbon.NacosServerList@356f20b7
2025-07-02 21:57:13.791 [http-nio-1235-exec-1] INFO  o.a.c.c.C.[Tomcat].[localhost].[/] - Initializing Spring DispatcherServlet 'dispatcherServlet'
2025-07-02 21:57:13.791 [http-nio-1235-exec-1] INFO  o.s.web.servlet.DispatcherServlet - Initializing Servlet 'dispatcherServlet'
2025-07-02 21:57:13.794 [http-nio-1235-exec-1] INFO  o.s.web.servlet.DispatcherServlet - Completed initialization in 3 ms
2025-07-02 21:57:13.810 [http-nio-1235-exec-1] INFO  com.zaxxer.hikari.HikariDataSource - HikariPool-1 - Starting...
2025-07-02 21:57:13.868 [http-nio-1235-exec-1] INFO  com.zaxxer.hikari.HikariDataSource - HikariPool-1 - Start completed.
2025-07-02 22:12:56.160 [Thread-5] WARN  c.a.n.c.http.HttpClientBeanHolder - [HttpClientBeanHolder] Start destroying common HttpClient
2025-07-02 22:12:56.160 [Thread-17] INFO  c.n.l.PollingServerListUpdater - Shutting down the Executor Pool for PollingServerListUpdater
2025-07-02 22:12:56.160 [Thread-11] WARN  c.a.nacos.common.notify.NotifyCenter - [NotifyCenter] Start destroying Publisher
2025-07-02 22:12:56.161 [Thread-11] WARN  c.a.nacos.common.notify.NotifyCenter - [NotifyCenter] Destruction of the end
2025-07-02 22:12:56.163 [Thread-5] WARN  c.a.n.c.http.HttpClientBeanHolder - [HttpClientBeanHolder] Destruction of the end
2025-07-02 22:12:56.187 [SpringContextShutdownHook] INFO  o.s.s.c.ThreadPoolTaskScheduler - Shutting down ExecutorService 'Nacos-Watch-Task-Scheduler'
2025-07-02 22:12:56.188 [SpringContextShutdownHook] INFO  c.a.c.n.r.NacosServiceRegistry - De-registering from Nacos Server now...
2025-07-02 22:12:56.192 [SpringContextShutdownHook] INFO  c.a.c.n.r.NacosServiceRegistry - De-registration finished.
2025-07-02 22:13:35.674 [main] INFO  o.s.cloud.context.scope.GenericScope - BeanFactory id=58838c0a-067c-3c80-82ae-a9fb2bca0300
2025-07-02 22:13:35.759 [main] INFO  o.s.b.w.e.tomcat.TomcatWebServer - Tomcat initialized with port(s): 1235 (http)
2025-07-02 22:13:35.762 [main] INFO  o.a.coyote.http11.Http11NioProtocol - Initializing ProtocolHandler ["http-nio-1235"]
2025-07-02 22:13:35.762 [main] INFO  o.a.catalina.core.StandardService - Starting service [Tomcat]
2025-07-02 22:13:35.762 [main] INFO  o.a.catalina.core.StandardEngine - Starting Servlet engine: [Apache Tomcat/9.0.43]
2025-07-02 22:13:35.790 [main] INFO  o.a.c.c.C.[Tomcat].[localhost].[/] - Initializing Spring embedded WebApplicationContext
2025-07-02 22:13:35.790 [main] INFO  o.s.b.w.s.c.ServletWebServerApplicationContext - Root WebApplicationContext: initialization completed in 306 ms
2025-07-02 22:13:35.902 [main] WARN  o.s.b.w.s.c.AnnotationConfigServletWebServerApplicationContext - Exception encountered during context initialization - cancelling refresh attempt: org.springframework.beans.factory.UnsatisfiedDependencyException: Error creating bean with name 'orderController': Unsatisfied dependency expressed through field 'orderService'; nested exception is org.springframework.beans.factory.UnsatisfiedDependencyException: Error creating bean with name 'orderServiceImpl': Unsatisfied dependency expressed through field 'userClient'; nested exception is org.springframework.beans.factory.NoSuchBeanDefinitionException: No qualifying bean of type 'org.tiger.feign.client.UserClient' available: expected at least 1 bean which qualifies as autowire candidate. Dependency annotations: {@org.springframework.beans.factory.annotation.Autowired(required=true)}
2025-07-02 22:13:35.903 [main] INFO  o.a.catalina.core.StandardService - Stopping service [Tomcat]
2025-07-02 22:13:35.908 [main] INFO  o.s.b.a.l.ConditionEvaluationReportLoggingListener - 

Error starting ApplicationContext. To display the conditions report re-run your application with 'debug' enabled.
2025-07-02 22:13:35.950 [main] ERROR o.s.b.d.LoggingFailureAnalysisReporter - 

***************************
APPLICATION FAILED TO START
***************************

Description:

Field userClient in org.tiger.clienttwo.service.impl.OrderServiceImpl required a bean of type 'org.tiger.feign.client.UserClient' that could not be found.

The injection point has the following annotations:
	- @org.springframework.beans.factory.annotation.Autowired(required=true)


Action:

Consider defining a bean of type 'org.tiger.feign.client.UserClient' in your configuration.

2025-07-02 22:14:57.985 [main] INFO  o.s.cloud.context.scope.GenericScope - BeanFactory id=cad85307-2691-3f29-b1cb-f81b902bd8b9
2025-07-02 22:14:57.992 [main] INFO  o.s.c.s.PostProcessorRegistrationDelegate$BeanPostProcessorChecker - Bean 'org.tiger.feign.client.UserClient' of type [org.springframework.cloud.openfeign.FeignClientFactoryBean] is not eligible for getting processed by all BeanPostProcessors (for example: not eligible for auto-proxying)
2025-07-02 22:14:58.073 [main] INFO  o.s.b.w.e.tomcat.TomcatWebServer - Tomcat initialized with port(s): 1235 (http)
2025-07-02 22:14:58.075 [main] INFO  o.a.coyote.http11.Http11NioProtocol - Initializing ProtocolHandler ["http-nio-1235"]
2025-07-02 22:14:58.075 [main] INFO  o.a.catalina.core.StandardService - Starting service [Tomcat]
2025-07-02 22:14:58.076 [main] INFO  o.a.catalina.core.StandardEngine - Starting Servlet engine: [Apache Tomcat/9.0.43]
2025-07-02 22:14:58.105 [main] INFO  o.a.c.c.C.[Tomcat].[localhost].[/] - Initializing Spring embedded WebApplicationContext
2025-07-02 22:14:58.105 [main] INFO  o.s.b.w.s.c.ServletWebServerApplicationContext - Root WebApplicationContext: initialization completed in 307 ms
2025-07-02 22:14:58.329 [main] WARN  c.n.c.sources.URLConfigurationSource - No URLs will be polled as dynamic configuration sources.
2025-07-02 22:14:58.329 [main] INFO  c.n.c.sources.URLConfigurationSource - To enable URLs as dynamic configuration sources, define System property archaius.configurationSource.additionalUrls or make config.properties available on classpath.
2025-07-02 22:14:58.331 [main] WARN  c.n.c.sources.URLConfigurationSource - No URLs will be polled as dynamic configuration sources.
2025-07-02 22:14:58.331 [main] INFO  c.n.c.sources.URLConfigurationSource - To enable URLs as dynamic configuration sources, define System property archaius.configurationSource.additionalUrls or make config.properties available on classpath.
2025-07-02 22:14:58.361 [main] INFO  o.s.s.c.ThreadPoolTaskExecutor - Initializing ExecutorService 'applicationTaskExecutor'
2025-07-02 22:14:58.394 [main] INFO  o.s.s.c.ThreadPoolTaskScheduler - Initializing ExecutorService 'Nacos-Watch-Task-Scheduler'
2025-07-02 22:14:58.400 [main] INFO  c.b.m.e.s.MybatisPlusApplicationContextAware - Register ApplicationContext instances org.springframework.boot.web.servlet.context.AnnotationConfigServletWebServerApplicationContext@4b1c0397
2025-07-02 22:14:58.488 [main] INFO  o.a.coyote.http11.Http11NioProtocol - Starting ProtocolHandler ["http-nio-1235"]
2025-07-02 22:14:58.500 [main] INFO  o.s.b.w.e.tomcat.TomcatWebServer - Tomcat started on port(s): 1235 (http) with context path ''
2025-07-02 22:14:58.509 [main] INFO  c.a.c.n.r.NacosServiceRegistry - nacos registry, DEFAULT_GROUP order-service 172.20.10.4:1235 register finished
2025-07-02 22:14:58.555 [main] INFO  c.n.loadbalancer.BaseLoadBalancer - Client: user-service instantiated a LoadBalancer: DynamicServerListLoadBalancer:{NFLoadBalancer:name=user-service,current list of Servers=[],Load balancer stats=Zone stats: {},Server stats: []}ServerList:null
2025-07-02 22:14:58.557 [main] INFO  c.n.l.DynamicServerListLoadBalancer - Using serverListUpdater PollingServerListUpdater
2025-07-02 22:14:58.571 [main] INFO  c.n.l.DynamicServerListLoadBalancer - DynamicServerListLoadBalancer for client user-service initialized: DynamicServerListLoadBalancer:{NFLoadBalancer:name=user-service,current list of Servers=[172.20.10.4:1236],Load balancer stats=Zone stats: {unknown=[Zone:unknown;	Instance count:1;	Active connections count: 0;	Circuit breaker tripped count: 0;	Active connections per server: 0.0;]
},Server stats: [[Server:172.20.10.4:1236;	Zone:UNKNOWN;	Total Requests:0;	Successive connection failure:0;	Total blackout seconds:0;	Last connection made:Thu Jan 01 08:00:00 CST 1970;	First connection made: Thu Jan 01 08:00:00 CST 1970;	Active Connections:0;	total failure count in last (1000) msecs:0;	average resp time:0.0;	90 percentile resp time:0.0;	95 percentile resp time:0.0;	min resp time:0.0;	max resp time:0.0;	stddev resp time:0.0]
]}ServerList:com.alibaba.cloud.nacos.ribbon.NacosServerList@2e4d4d22
2025-07-02 22:15:01.464 [http-nio-1235-exec-1] INFO  o.a.c.c.C.[Tomcat].[localhost].[/] - Initializing Spring DispatcherServlet 'dispatcherServlet'
2025-07-02 22:15:01.464 [http-nio-1235-exec-1] INFO  o.s.web.servlet.DispatcherServlet - Initializing Servlet 'dispatcherServlet'
2025-07-02 22:15:01.467 [http-nio-1235-exec-1] INFO  o.s.web.servlet.DispatcherServlet - Completed initialization in 3 ms
2025-07-02 22:15:01.482 [http-nio-1235-exec-1] INFO  com.zaxxer.hikari.HikariDataSource - HikariPool-1 - Starting...
2025-07-02 22:15:01.548 [http-nio-1235-exec-1] INFO  com.zaxxer.hikari.HikariDataSource - HikariPool-1 - Start completed.
2025-07-02 22:32:31.652 [HikariPool-1 housekeeper] WARN  com.zaxxer.hikari.pool.HikariPool - HikariPool-1 - Retrograde clock change detected (housekeeper delta=29s859ms), soft-evicting connections from pool.
2025-07-02 22:56:01.778 [Thread-5] WARN  c.a.n.c.http.HttpClientBeanHolder - [HttpClientBeanHolder] Start destroying common HttpClient
2025-07-02 22:56:01.778 [Thread-11] WARN  c.a.nacos.common.notify.NotifyCenter - [NotifyCenter] Start destroying Publisher
2025-07-02 22:56:01.779 [Thread-17] INFO  c.n.l.PollingServerListUpdater - Shutting down the Executor Pool for PollingServerListUpdater
2025-07-02 22:56:01.780 [Thread-11] WARN  c.a.nacos.common.notify.NotifyCenter - [NotifyCenter] Destruction of the end
2025-07-02 22:56:01.781 [Thread-5] WARN  c.a.n.c.http.HttpClientBeanHolder - [HttpClientBeanHolder] Destruction of the end
2025-07-02 22:56:01.814 [SpringContextShutdownHook] INFO  o.s.s.c.ThreadPoolTaskScheduler - Shutting down ExecutorService 'Nacos-Watch-Task-Scheduler'
2025-07-02 22:56:01.815 [SpringContextShutdownHook] INFO  c.a.c.n.r.NacosServiceRegistry - De-registering from Nacos Server now...
2025-07-02 22:56:01.820 [SpringContextShutdownHook] INFO  c.a.c.n.r.NacosServiceRegistry - De-registration finished.
2025-07-02 23:03:01.512 [main] INFO  o.s.cloud.context.scope.GenericScope - BeanFactory id=cad85307-2691-3f29-b1cb-f81b902bd8b9
2025-07-02 23:03:01.517 [main] INFO  o.s.c.s.PostProcessorRegistrationDelegate$BeanPostProcessorChecker - Bean 'org.tiger.feign.client.UserClient' of type [org.springframework.cloud.openfeign.FeignClientFactoryBean] is not eligible for getting processed by all BeanPostProcessors (for example: not eligible for auto-proxying)
2025-07-02 23:03:01.591 [main] INFO  o.s.b.w.e.tomcat.TomcatWebServer - Tomcat initialized with port(s): 1235 (http)
2025-07-02 23:03:01.593 [main] INFO  o.a.coyote.http11.Http11NioProtocol - Initializing ProtocolHandler ["http-nio-1235"]
2025-07-02 23:03:01.594 [main] INFO  o.a.catalina.core.StandardService - Starting service [Tomcat]
2025-07-02 23:03:01.594 [main] INFO  o.a.catalina.core.StandardEngine - Starting Servlet engine: [Apache Tomcat/9.0.43]
2025-07-02 23:03:01.620 [main] INFO  o.a.c.c.C.[Tomcat].[localhost].[/] - Initializing Spring embedded WebApplicationContext
2025-07-02 23:03:01.620 [main] INFO  o.s.b.w.s.c.ServletWebServerApplicationContext - Root WebApplicationContext: initialization completed in 288 ms
2025-07-02 23:03:01.833 [main] WARN  c.n.c.sources.URLConfigurationSource - No URLs will be polled as dynamic configuration sources.
2025-07-02 23:03:01.833 [main] INFO  c.n.c.sources.URLConfigurationSource - To enable URLs as dynamic configuration sources, define System property archaius.configurationSource.additionalUrls or make config.properties available on classpath.
2025-07-02 23:03:01.834 [main] WARN  c.n.c.sources.URLConfigurationSource - No URLs will be polled as dynamic configuration sources.
2025-07-02 23:03:01.835 [main] INFO  c.n.c.sources.URLConfigurationSource - To enable URLs as dynamic configuration sources, define System property archaius.configurationSource.additionalUrls or make config.properties available on classpath.
2025-07-02 23:03:01.871 [main] INFO  o.s.s.c.ThreadPoolTaskExecutor - Initializing ExecutorService 'applicationTaskExecutor'
2025-07-02 23:03:01.912 [main] INFO  o.s.s.c.ThreadPoolTaskScheduler - Initializing ExecutorService 'Nacos-Watch-Task-Scheduler'
2025-07-02 23:03:01.918 [main] INFO  c.b.m.e.s.MybatisPlusApplicationContextAware - Register ApplicationContext instances org.springframework.boot.web.servlet.context.AnnotationConfigServletWebServerApplicationContext@2e52fb3e
2025-07-02 23:03:02.014 [main] INFO  o.a.coyote.http11.Http11NioProtocol - Starting ProtocolHandler ["http-nio-1235"]
2025-07-02 23:03:02.027 [main] INFO  o.s.b.w.e.tomcat.TomcatWebServer - Tomcat started on port(s): 1235 (http) with context path ''
2025-07-02 23:03:02.035 [main] INFO  c.a.c.n.r.NacosServiceRegistry - nacos registry, DEFAULT_GROUP order-service 172.20.10.4:1235 register finished
2025-07-02 23:03:02.094 [main] INFO  c.n.loadbalancer.BaseLoadBalancer - Client: user-service instantiated a LoadBalancer: DynamicServerListLoadBalancer:{NFLoadBalancer:name=user-service,current list of Servers=[],Load balancer stats=Zone stats: {},Server stats: []}ServerList:null
2025-07-02 23:03:02.095 [main] INFO  c.n.l.DynamicServerListLoadBalancer - Using serverListUpdater PollingServerListUpdater
2025-07-02 23:03:02.098 [main] INFO  c.n.l.DynamicServerListLoadBalancer - DynamicServerListLoadBalancer for client user-service initialized: DynamicServerListLoadBalancer:{NFLoadBalancer:name=user-service,current list of Servers=[],Load balancer stats=Zone stats: {},Server stats: []}ServerList:com.alibaba.cloud.nacos.ribbon.NacosServerList@6475e778
2025-07-02 23:04:26.039 [http-nio-1235-exec-1] INFO  o.a.c.c.C.[Tomcat].[localhost].[/] - Initializing Spring DispatcherServlet 'dispatcherServlet'
2025-07-02 23:04:26.040 [http-nio-1235-exec-1] INFO  o.s.web.servlet.DispatcherServlet - Initializing Servlet 'dispatcherServlet'
2025-07-02 23:04:26.044 [http-nio-1235-exec-1] INFO  o.s.web.servlet.DispatcherServlet - Completed initialization in 4 ms
2025-07-02 23:04:26.068 [http-nio-1235-exec-1] INFO  com.zaxxer.hikari.HikariDataSource - HikariPool-1 - Starting...
2025-07-02 23:04:26.160 [http-nio-1235-exec-1] INFO  com.zaxxer.hikari.HikariDataSource - HikariPool-1 - Start completed.
2025-07-02 23:05:08.388 [Thread-5] WARN  c.a.n.c.http.HttpClientBeanHolder - [HttpClientBeanHolder] Start destroying common HttpClient
2025-07-02 23:05:08.388 [Thread-11] WARN  c.a.nacos.common.notify.NotifyCenter - [NotifyCenter] Start destroying Publisher
2025-07-02 23:05:08.388 [Thread-17] INFO  c.n.l.PollingServerListUpdater - Shutting down the Executor Pool for PollingServerListUpdater
2025-07-02 23:05:08.389 [Thread-5] WARN  c.a.n.c.http.HttpClientBeanHolder - [HttpClientBeanHolder] Destruction of the end
2025-07-02 23:05:08.389 [Thread-11] WARN  c.a.nacos.common.notify.NotifyCenter - [NotifyCenter] Destruction of the end
2025-07-02 23:05:08.413 [SpringContextShutdownHook] INFO  o.s.s.c.ThreadPoolTaskScheduler - Shutting down ExecutorService 'Nacos-Watch-Task-Scheduler'
2025-07-02 23:05:08.414 [SpringContextShutdownHook] INFO  c.a.c.n.r.NacosServiceRegistry - De-registering from Nacos Server now...
2025-07-02 23:05:08.415 [SpringContextShutdownHook] INFO  c.a.c.n.r.NacosServiceRegistry - De-registration finished.
2025-07-02 23:05:17.458 [SpringContextShutdownHook] WARN  o.s.b.f.s.DisposableBeanAdapter - Destroy method 'close' on bean with name 'nacosServiceRegistry' threw an exception: java.lang.NullPointerException
2025-07-02 23:05:17.459 [SpringContextShutdownHook] INFO  o.s.s.c.ThreadPoolTaskExecutor - Shutting down ExecutorService 'applicationTaskExecutor'
2025-07-02 23:05:17.470 [SpringContextShutdownHook] INFO  com.zaxxer.hikari.HikariDataSource - HikariPool-1 - Shutdown initiated...
2025-07-02 23:05:17.473 [SpringContextShutdownHook] INFO  com.zaxxer.hikari.HikariDataSource - HikariPool-1 - Shutdown completed.
