2025-07-03 09:30:09.398 [main] INFO  o.s.cloud.context.scope.GenericScope - BeanFactory id=cad85307-2691-3f29-b1cb-f81b902bd8b9
2025-07-03 09:30:09.403 [main] INFO  o.s.c.s.PostProcessorRegistrationDelegate$BeanPostProcessorChecker - Bean 'org.tiger.feign.client.UserClient' of type [org.springframework.cloud.openfeign.FeignClientFactoryBean] is not eligible for getting processed by all BeanPostProcessors (for example: not eligible for auto-proxying)
2025-07-03 09:30:09.478 [main] INFO  o.s.b.w.e.tomcat.TomcatWebServer - Tomcat initialized with port(s): 1235 (http)
2025-07-03 09:30:09.481 [main] INFO  o.a.coyote.http11.Http11NioProtocol - Initializing ProtocolHandler ["http-nio-1235"]
2025-07-03 09:30:09.481 [main] INFO  o.a.catalina.core.StandardService - Starting service [Tomcat]
2025-07-03 09:30:09.481 [main] INFO  o.a.catalina.core.StandardEngine - Starting Servlet engine: [Apache Tomcat/9.0.43]
2025-07-03 09:30:09.508 [main] INFO  o.a.c.c.C.[Tomcat].[localhost].[/] - Initializing Spring embedded WebApplicationContext
2025-07-03 09:30:09.508 [main] INFO  o.s.b.w.s.c.ServletWebServerApplicationContext - Root WebApplicationContext: initialization completed in 286 ms
2025-07-03 09:30:09.714 [main] WARN  c.n.c.sources.URLConfigurationSource - No URLs will be polled as dynamic configuration sources.
2025-07-03 09:30:09.714 [main] INFO  c.n.c.sources.URLConfigurationSource - To enable URLs as dynamic configuration sources, define System property archaius.configurationSource.additionalUrls or make config.properties available on classpath.
2025-07-03 09:30:09.715 [main] WARN  c.n.c.sources.URLConfigurationSource - No URLs will be polled as dynamic configuration sources.
2025-07-03 09:30:09.715 [main] INFO  c.n.c.sources.URLConfigurationSource - To enable URLs as dynamic configuration sources, define System property archaius.configurationSource.additionalUrls or make config.properties available on classpath.
2025-07-03 09:30:09.745 [main] INFO  o.s.s.c.ThreadPoolTaskExecutor - Initializing ExecutorService 'applicationTaskExecutor'
2025-07-03 09:30:09.777 [main] INFO  o.s.s.c.ThreadPoolTaskScheduler - Initializing ExecutorService 'Nacos-Watch-Task-Scheduler'
2025-07-03 09:30:09.781 [main] INFO  c.b.m.e.s.MybatisPlusApplicationContextAware - Register ApplicationContext instances org.springframework.boot.web.servlet.context.AnnotationConfigServletWebServerApplicationContext@4b1c0397
2025-07-03 09:30:09.867 [main] INFO  o.a.coyote.http11.Http11NioProtocol - Starting ProtocolHandler ["http-nio-1235"]
2025-07-03 09:30:09.878 [main] INFO  o.s.b.w.e.tomcat.TomcatWebServer - Tomcat started on port(s): 1235 (http) with context path ''
2025-07-03 09:30:09.884 [main] INFO  c.a.c.n.r.NacosServiceRegistry - nacos registry, DEFAULT_GROUP order-service 172.20.10.4:1235 register finished
2025-07-03 09:30:09.916 [main] INFO  c.n.loadbalancer.BaseLoadBalancer - Client: user-service instantiated a LoadBalancer: DynamicServerListLoadBalancer:{NFLoadBalancer:name=user-service,current list of Servers=[],Load balancer stats=Zone stats: {},Server stats: []}ServerList:null
2025-07-03 09:30:09.918 [main] INFO  c.n.l.DynamicServerListLoadBalancer - Using serverListUpdater PollingServerListUpdater
2025-07-03 09:30:09.921 [main] INFO  c.n.l.DynamicServerListLoadBalancer - DynamicServerListLoadBalancer for client user-service initialized: DynamicServerListLoadBalancer:{NFLoadBalancer:name=user-service,current list of Servers=[],Load balancer stats=Zone stats: {},Server stats: []}ServerList:com.alibaba.cloud.nacos.ribbon.NacosServerList@1fb71788
2025-07-03 09:30:22.069 [http-nio-1235-exec-2] INFO  o.a.c.c.C.[Tomcat].[localhost].[/] - Initializing Spring DispatcherServlet 'dispatcherServlet'
2025-07-03 09:30:22.070 [http-nio-1235-exec-2] INFO  o.s.web.servlet.DispatcherServlet - Initializing Servlet 'dispatcherServlet'
2025-07-03 09:30:22.073 [http-nio-1235-exec-2] INFO  o.s.web.servlet.DispatcherServlet - Completed initialization in 3 ms
2025-07-03 09:30:22.088 [http-nio-1235-exec-2] INFO  com.zaxxer.hikari.HikariDataSource - HikariPool-1 - Starting...
2025-07-03 09:30:22.195 [http-nio-1235-exec-2] INFO  com.zaxxer.hikari.HikariDataSource - HikariPool-1 - Start completed.
2025-07-03 10:01:23.407 [Thread-17] INFO  c.n.l.PollingServerListUpdater - Shutting down the Executor Pool for PollingServerListUpdater
2025-07-03 10:01:23.407 [Thread-5] WARN  c.a.n.c.http.HttpClientBeanHolder - [HttpClientBeanHolder] Start destroying common HttpClient
2025-07-03 10:01:23.408 [Thread-11] WARN  c.a.nacos.common.notify.NotifyCenter - [NotifyCenter] Start destroying Publisher
2025-07-03 10:01:23.408 [Thread-11] WARN  c.a.nacos.common.notify.NotifyCenter - [NotifyCenter] Destruction of the end
2025-07-03 10:01:23.408 [Thread-5] WARN  c.a.n.c.http.HttpClientBeanHolder - [HttpClientBeanHolder] Destruction of the end
2025-07-03 10:01:23.426 [SpringContextShutdownHook] INFO  o.s.s.c.ThreadPoolTaskScheduler - Shutting down ExecutorService 'Nacos-Watch-Task-Scheduler'
2025-07-03 10:01:23.428 [SpringContextShutdownHook] INFO  c.a.c.n.r.NacosServiceRegistry - De-registering from Nacos Server now...
2025-07-03 10:01:23.430 [SpringContextShutdownHook] INFO  c.a.c.n.r.NacosServiceRegistry - De-registration finished.
2025-07-03 10:01:32.478 [SpringContextShutdownHook] WARN  o.s.b.f.s.DisposableBeanAdapter - Destroy method 'close' on bean with name 'nacosServiceRegistry' threw an exception: java.lang.NullPointerException
2025-07-03 10:01:32.479 [SpringContextShutdownHook] INFO  o.s.s.c.ThreadPoolTaskExecutor - Shutting down ExecutorService 'applicationTaskExecutor'
2025-07-03 10:01:32.493 [SpringContextShutdownHook] INFO  com.zaxxer.hikari.HikariDataSource - HikariPool-1 - Shutdown initiated...
2025-07-03 10:01:32.497 [SpringContextShutdownHook] INFO  com.zaxxer.hikari.HikariDataSource - HikariPool-1 - Shutdown completed.
